<?xml version="1.0" encoding="UTF-8"?>
<!-- Generated by org.testng.reporters.JUnitReportReporter -->
<testsuite hostname="Gamma-13" failures="0" tests="3" name="dev.selenium.tests.LoginTest" time="9.634" errors="0" timestamp="2024-04-08T21:31:11 EEST" skipped="0">
  <testcase classname="dev.selenium.tests.LoginTest" name="testNotValidLogin" time="5.113"/>
  <testcase classname="dev.selenium.tests.LoginTest" name="testSuccessful" time="2.393"/>
  <testcase classname="dev.selenium.tests.LoginTest" name="testSuccessfulLogin" time="2.128"/>
</testsuite> <!-- dev.selenium.tests.LoginTest -->
