<?xml version="1.0" encoding="UTF-8"?>
<!-- Generated by org.testng.reporters.JUnitReportReporter -->
<testsuite hostname="Gamma-13" failures="0" tests="1" name="dev.selenium.tests.ProductsPageTest" time="5.355" errors="0" timestamp="2024-04-08T21:31:11 EEST" skipped="0">
  <testcase classname="dev.selenium.tests.ProductsPageTest" name="canOpenCart" time="5.355"/>
</testsuite> <!-- dev.selenium.tests.ProductsPageTest -->
