<?xml version="1.0" encoding="UTF-8"?>
<!-- Generated by org.testng.reporters.JUnitReportReporter -->
<testsuite hostname="Gamma-13" failures="0" tests="3" name="dev.selenium.tests.LoginTest" time="8.917" errors="0" timestamp="2024-04-08T20:13:17 EEST" skipped="0">
  <testcase classname="dev.selenium.tests.LoginTest" name="testNotValidLogin" time="2.603"/>
  <testcase classname="dev.selenium.tests.LoginTest" name="testSuccessfulLogin" time="3.431"/>
  <testcase classname="dev.selenium.tests.LoginTest" name="testSuccessful" time="2.883"/>
</testsuite> <!-- dev.selenium.tests.LoginTest -->
