<?xml version="1.0" encoding="UTF-8"?>
<!-- Generated by org.testng.reporters.JUnitReportReporter -->
<testsuite hostname="Gamma-13" failures="0" tests="1" name="dev.selenium.tests.ProductsPageTest" time="3.806" errors="0" timestamp="2024-04-08T20:13:17 EEST" skipped="0">
  <testcase classname="dev.selenium.tests.ProductsPageTest" name="canOpenCart" time="3.806"/>
</testsuite> <!-- dev.selenium.tests.ProductsPageTest -->
